
Lmod is automatically replacing "gcc-native/14.2" with "gcc/12.2.0".

Lmod has detected the following error: The following module(s) are unknown:
"openmpi"

Please check the spelling or version number. Also try "module spider ..."
It is also possible your cache file is out-of-date; it may help to try:
  $ module --ignore_cache load "openmpi"

Also make sure that all modulefiles written in TCL start with the string
#%Module



cc                      -O3 -fopenmp -Wall     -o ass2 ass2.c -fopenmp             
ass2.c: In function ‘main’:
ass2.c:1746:78: warning: unused variable ‘ofile’ [-Wunused-variable]
 1746 |     char *save="", *ksave="", *osave="" , *ffile="f1.txt", *gfile="g1.txt", *ofile="o1.txt";
      |                                                                              ^~~~~
ass2.c:1951:66: warning: ‘padw’ may be used uninitialized [-Wmaybe-uninitialized]
 1951 |             save_matrix(save, padded_matrix, height+2*padh, width+2*padw,3);
      |                                                             ~~~~~^~~~~~~
ass2.c:1809:17: note: ‘padw’ was declared here
 1809 |     float padh, padw;
      |                 ^~~~
ass2.c:1951:52: warning: ‘padh’ may be used uninitialized [-Wmaybe-uninitialized]
 1951 |             save_matrix(save, padded_matrix, height+2*padh, width+2*padw,3);
      |                                              ~~~~~~^~~~~~~
ass2.c:1809:11: note: ‘padh’ was declared here
 1809 |     float padh, padw;
      |           ^~~~
/usr/lib64/gcc/x86_64-suse-linux/14/../../../../x86_64-suse-linux/bin/ld: final link failed: Stale file handle
collect2: error: ld returned 1 exit status
make: *** [makefile:14: ass2] Error 1
srun ./ass2 -p -r -H 5001 -W 5001 -kW 36 -kH 36 -sH 1 -sW 1
slurmstepd: error: execve(): /home/orafiq/assignment2/./ass2: No such file or directory
srun: error: nid001258: task 0: Exited with exit code 2
srun: Terminating StepId=33305773.0
slurmstepd: error: execve(): /home/orafiq/assignment2/./ass2: No such file or directory
srun: error: nid001261: task 3: Exited with exit code 2
slurmstepd: error: execve(): /home/orafiq/assignment2/./ass2: No such file or directory
srun: error: nid001260: task 2: Exited with exit code 2
slurmstepd: error: execve(): /home/orafiq/assignment2/./ass2: No such file or directory
srun: error: nid001259: task 1: Exited with exit code 2
srun ./ass2 -p -r -H 5001 -W 10002 -kW 36 -kH 36 -sH 2 -sW 1
slurmstepd: error: execve(): /home/orafiq/assignment2/./ass2: No such file or directory
srun: error: nid001259: task 1: Exited with exit code 2
srun: Terminating StepId=33305773.1
srun: error: nid001260: task 2: Exited with exit code 2
slurmstepd: error: execve(): /home/orafiq/assignment2/./ass2: No such file or directory
slurmstepd: error: execve(): /home/orafiq/assignment2/./ass2: No such file or directory
srun: error: nid001261: task 3: Exited with exit code 2
slurmstepd: error: *** STEP 33305773.1 ON nid001258 CANCELLED AT 2025-10-14T21:31:37 ***
slurmstepd: error: execve(): /home/orafiq/assignment2/./ass2: No such file or directory
srun: error: nid001258: task 0: Exited with exit code 2
srun ./ass2 -p -r -H 5001 -W 15003 -kW 36 -kH 36 -sH 3 -sW 1
slurmstepd: error: execve(): /home/orafiq/assignment2/./ass2: No such file or directory
srun: error: nid001258: task 0: Exited with exit code 2
srun: Terminating StepId=33305773.2
slurmstepd: error: execve(): /home/orafiq/assignment2/./ass2: No such file or directory
slurmstepd: error: execve(): /home/orafiq/assignment2/./ass2: No such file or directory
srun: error: nid001260: task 2: Exited with exit code 2
srun: error: nid001261: task 3: Exited with exit code 2
slurmstepd: error: execve(): /home/orafiq/assignment2/./ass2: No such file or directory
srun: error: nid001259: task 1: Exited with exit code 2
